Flow report for Homework3
Wed Feb 27 12:26:45 2019
Quartus II 64-Bit Version 13.0.1 Build 232 06/12/2013 Service Pack 1 SJ Full Version


---------------------
; Table of Contents ;
---------------------
  1. Legal Notice
  2. Flow Summary
  3. Flow Settings
  4. Flow Non-Default Global Settings
  5. Flow Elapsed Time
  6. Flow OS Summary
  7. Flow Log
  8. Flow Messages
  9. Flow Suppressed Messages



----------------
; Legal Notice ;
----------------
Copyright (C) 1991-2013 Altera Corporation
Your use of Altera Corporation's design tools, logic functions 
and other software and tools, and its AMPP partner logic 
functions, and any output files from any of the foregoing 
(including device programming or simulation files), and any 
associated documentation or information are expressly subject 
to the terms and conditions of the Altera Program License 
Subscription Agreement, Altera MegaCore Function License 
Agreement, or other applicable license agreement, including, 
without limitation, that your use is for the sole purpose of 
programming logic devices manufactured by Altera and sold by 
Altera or its authorized distributors.  Please refer to the 
applicable agreement for further details.



+------------------------------------------------------------------------------+
; Flow Summary                                                                 ;
+---------------------------+--------------------------------------------------+
; Flow Status               ; Successful - Wed Feb 27 12:26:42 2019            ;
; Quartus II 64-Bit Version ; 13.0.1 Build 232 06/12/2013 SP 1 SJ Full Version ;
; Revision Name             ; Homework3                                        ;
; Top-level Entity Name     ; Problem_1                                        ;
; Family                    ; MAX7000S                                         ;
; Total macrocells          ; 1 / 32 ( 3 % )                                   ;
; Total pins                ; 9 / 36 ( 25 % )                                  ;
; Device                    ; EPM7032SLC44-5                                   ;
; Timing Models             ; Final                                            ;
+---------------------------+--------------------------------------------------+


+-----------------------------------------+
; Flow Settings                           ;
+-------------------+---------------------+
; Option            ; Setting             ;
+-------------------+---------------------+
; Start date & time ; 02/27/2019 12:26:37 ;
; Main task         ; Compilation         ;
; Revision Name     ; Homework3           ;
+-------------------+---------------------+


+------------------------------------------------------------------------------------------------------------------+
; Flow Non-Default Global Settings                                                                                 ;
+-------------------------------------+---------------------------------+---------------+-------------+------------+
; Assignment Name                     ; Value                           ; Default Value ; Entity Name ; Section Id ;
+-------------------------------------+---------------------------------+---------------+-------------+------------+
; COMPILER_SIGNATURE_ID               ; 194080960252128.155128839708704 ; --            ; --          ; --         ;
; FITTER_EFFORT                       ; Standard Fit                    ; Auto Fit      ; --          ; --         ;
; OPTIMIZE_HOLD_TIMING                ; Off                             ; --            ; --          ; --         ;
; PARTITION_COLOR                     ; 16764057                        ; --            ; Problem_1   ; Top        ;
; PARTITION_FITTER_PRESERVATION_LEVEL ; PLACEMENT_AND_ROUTING           ; --            ; Problem_1   ; Top        ;
; PARTITION_NETLIST_TYPE              ; SOURCE                          ; --            ; Problem_1   ; Top        ;
; PROJECT_OUTPUT_DIRECTORY            ; output_files                    ; --            ; --          ; --         ;
; TOP_LEVEL_ENTITY                    ; Problem_1                       ; Homework3     ; --          ; --         ;
+-------------------------------------+---------------------------------+---------------+-------------+------------+


+-------------------------------------------------------------------------------------------------------------------------------+
; Flow Elapsed Time                                                                                                             ;
+---------------------------+--------------+-------------------------+---------------------+------------------------------------+
; Module Name               ; Elapsed Time ; Average Processors Used ; Peak Virtual Memory ; Total CPU Time (on all processors) ;
+---------------------------+--------------+-------------------------+---------------------+------------------------------------+
; Analysis & Synthesis      ; 00:00:02     ; 1.0                     ; 4645 MB             ; 00:00:01                           ;
; Fitter                    ; 00:00:01     ; 1.0                     ; 4854 MB             ; 00:00:01                           ;
; Assembler                 ; 00:00:01     ; 1.0                     ; 4537 MB             ; 00:00:01                           ;
; TimeQuest Timing Analyzer ; 00:00:02     ; 1.0                     ; 4557 MB             ; 00:00:01                           ;
; Total                     ; 00:00:06     ; --                      ; --                  ; 00:00:04                           ;
+---------------------------+--------------+-------------------------+---------------------+------------------------------------+


+----------------------------------------------------------------------------------------+
; Flow OS Summary                                                                        ;
+---------------------------+------------------+-----------+------------+----------------+
; Module Name               ; Machine Hostname ; OS Name   ; OS Version ; Processor type ;
+---------------------------+------------------+-----------+------------+----------------+
; Analysis & Synthesis      ; SB076-20-70254   ; Windows 7 ; 6.2        ; x86_64         ;
; Fitter                    ; SB076-20-70254   ; Windows 7 ; 6.2        ; x86_64         ;
; Assembler                 ; SB076-20-70254   ; Windows 7 ; 6.2        ; x86_64         ;
; TimeQuest Timing Analyzer ; SB076-20-70254   ; Windows 7 ; 6.2        ; x86_64         ;
+---------------------------+------------------+-----------+------------+----------------+


------------
; Flow Log ;
------------
quartus_map --read_settings_files=on --write_settings_files=off Homework3 -c Homework3
quartus_fit --read_settings_files=off --write_settings_files=off Homework3 -c Homework3
quartus_asm --read_settings_files=off --write_settings_files=off Homework3 -c Homework3
quartus_sta Homework3 -c Homework3



